Arguments: 
  /usr/local/bin/node /usr/local/Cellar/yarn/1.9.4/libexec/bin/yarn.js --cwd ../../maven-repo/ publish

PATH: 
  /Users/maelcaldas/git/floreysoft/app-core/shared/node_modules/.bin:/Users/maelcaldas/.config/yarn/link/node_modules/.bin:/Users/maelcaldas/git/floreysoft/app-core/shared/node_modules/.bin:/Users/maelcaldas/.config/yarn/link/node_modules/.bin:/usr/local/libexec/lib/node_modules/npm/bin/node-gyp-bin:/usr/local/lib/node_modules/npm/bin/node-gyp-bin:/usr/local/bin/node_modules/npm/bin/node-gyp-bin:/Library/Frameworks/Python.framework/Versions/3.7/bin:/Users/maelcaldas/google-cloud-sdk/bin:/usr/local/bin:/usr/bin:/bin:/usr/sbin:/sbin

Yarn version: 
  1.9.4

Node version: 
  8.10.0

Platform: 
  darwin x64

Trace: 
  Error: canceled
      at Interface.<anonymous> (/usr/local/Cellar/yarn/1.9.4/libexec/lib/cli.js:126002:13)
      at emitNone (events.js:106:13)
      at Interface.emit (events.js:208:7)
      at Interface._ttyWrite (readline.js:775:16)
      at ReadStream.onkeypress (readline.js:160:10)
      at emitTwo (events.js:126:13)
      at ReadStream.emit (events.js:214:7)
      at emitKeys (internal/readline.js:420:14)
      at emitKeys.next (<anonymous>)
      at ReadStream.onData (readline.js:1011:36)

npm manifest: 
  {
    "name": "maven-repo",
    "version": "1",
    "description": "Foreysoft internal maven repo",
    "author": "Floreysoft",
    "private": false,
    "scripts": {
      "publish": "git add . && git commit -m 'Publishing deps' && git push"
    }
  }

yarn manifest: 
  No manifest

Lockfile: 
  No lockfile
